<?xml version="1.0" encoding="UTF-8"?>

<doc>
<chref>&#233;&#241;</chref>
<mbseq>éñ</mbseq>

</doc>
