<?xml version="1.0" encoding="ISO-8859-1"?>

<doc>
<chref>&#233;&#241;</chref>
<char>йс</char>

</doc>
