<?xml version="1.0" encoding="UTF-8"?>
<Envelope xmlns="http://example.org/envelope">
<Body>
大卫中国
</Body>
</Envelope>
